------------------------------------------------------------------------------
                           GCC Code Coverage Report
Directory: /home/nacho/Desktop/setup-environment-nachoborgatello
------------------------------------------------------------------------------
File                                       Lines    Exec  Cover   Missing
------------------------------------------------------------------------------
src/logic.c                                   10       9    90%   19
tests/unit/test_unit_program.c                27      27   100%   
------------------------------------------------------------------------------
TOTAL                                         37      36    97%
------------------------------------------------------------------------------
