Start testing: Mar 21 15:31 -03
----------------------------------------------------------
1/1 Testing: test_FistProjectInCMake
1/1 Test: test_FistProjectInCMake
Command: "/home/nacho/Desktop/setup-environment-nachoborgatello/build/tests/test_FistProjectInCMake"
Directory: /home/nacho/Desktop/setup-environment-nachoborgatello/build/tests
"test_FistProjectInCMake" start time: Mar 21 15:31 -03
Output:
----------------------------------------------------------
/home/nacho/Desktop/setup-environment-nachoborgatello/tests/unit/test_unit_program.c:34:test_logic_add:PASS
/home/nacho/Desktop/setup-environment-nachoborgatello/tests/unit/test_unit_program.c:35:test_logic_substract:PASS
/home/nacho/Desktop/setup-environment-nachoborgatello/tests/unit/test_unit_program.c:36:test_logic_multiply:PASS
/home/nacho/Desktop/setup-environment-nachoborgatello/tests/unit/test_unit_program.c:37:test_logic_divide:PASS

-----------------------
4 Tests 0 Failures 0 Ignored 
OK
<end of output>
Test time =   0.00 sec
----------------------------------------------------------
Test Passed.
"test_FistProjectInCMake" end time: Mar 21 15:31 -03
"test_FistProjectInCMake" time elapsed: 00:00:00
----------------------------------------------------------

End testing: Mar 21 15:31 -03
